CREATE USER SA PASSWORD "" ADMIN
/*C1*/SET SCHEMA PUBLIC
CONNECT USER SA
DISCONNECT
/*C2*/SET SCHEMA PUBLIC
CONNECT USER SA
CREATE TABLE USER (ID BIGINT NOT NULL, MAIL VARCHAR(255), PASSWORD VARCHAR(255), PRIMARY KEY (ID))
CREATE TABLE BIENIMMOBILIER (ID BIGINT NOT NULL, DTYPE VARCHAR(31), BUDGETMAX INTEGER, BUDGETMINI INTEGER, VILLE VARCHAR(255), TYPELOGEMENT INTEGER, PRIMARY KEY (ID))
CREATE TABLE SEQUENCE (SEQ_NAME VARCHAR(50) NOT NULL, SEQ_COUNT NUMERIC(38), PRIMARY KEY (SEQ_NAME))
INSERT INTO SEQUENCE VALUES('SEQ_GEN',0)
SET AUTOCOMMIT FALSE
DELETE FROM SEQUENCE WHERE SEQ_NAME='SEQ_GEN'
INSERT INTO SEQUENCE VALUES('SEQ_GEN',50)
COMMIT
SET AUTOCOMMIT TRUE
SET AUTOCOMMIT FALSE
INSERT INTO USER VALUES(1,NULL,NULL)
COMMIT
SET AUTOCOMMIT TRUE
SET AUTOCOMMIT FALSE
INSERT INTO USER VALUES(2,'toto@toto','toto')
COMMIT
SET AUTOCOMMIT TRUE
